Copyright 1986-2017 Xilinx, Inc. All Rights Reserved.
---------------------------------------------------------------------------------------------------------------------------------------
| Tool Version : Vivado v.2017.4 (win64) Build 2086221 Fri Dec 15 20:55:39 MST 2017
| Date         : Fri Sep 21 16:47:45 2018
| Host         : Mei-PC running 64-bit Service Pack 1  (build 7601)
| Command      : report_drc -file design_1_wrapper_drc_opted.rpt -pb design_1_wrapper_drc_opted.pb -rpx design_1_wrapper_drc_opted.rpx
| Design       : design_1_wrapper
| Device       : xc7z020clg400-2
| Speed File   : -2
| Design State : Synthesized
---------------------------------------------------------------------------------------------------------------------------------------

Report DRC

Table of Contents
-----------------
1. REPORT SUMMARY
2. REPORT DETAILS

1. REPORT SUMMARY
-----------------
            Netlist: netlist
          Floorplan: design_1
      Design limits: <entire design considered>
           Ruledeck: default
             Max violations: <unlimited>
             Violations found: 68
+-----------+----------+-------------------------------------------------------------------+------------+
| Rule      | Severity | Description                                                       | Violations |
+-----------+----------+-------------------------------------------------------------------+------------+
| DPIP-1    | Warning  | Input pipelining                                                  | 22         |
| DPOP-1    | Warning  | PREG Output pipelining                                            | 18         |
| DPOP-2    | Warning  | MREG Output pipelining                                            | 13         |
| DPREG-4   | Warning  | DSP48E1_PregDynOpmodeZmuxP:                                       | 2          |
| PLCK-12   | Warning  | Clock Placer Checks                                               | 1          |
| AVAL-4    | Advisory | enum_USE_DPORT_FALSE_enum_DREG_ADREG_0_connects_CED_CEAD_RSTD_GND | 8          |
| AVAL-5    | Advisory | enum_USE_MULT_NONE_enum_DREG_ADREG_0_connects_CED_CEAD_RSTD_GND   | 2          |
| REQP-1725 | Advisory | DSP_Abus_sign_bit_alert                                           | 2          |
+-----------+----------+-------------------------------------------------------------------+------------+

2. REPORT DETAILS
-----------------
DPIP-1#1 Warning
Input pipelining  
DSP design_1_i/edge_detector_0/inst/AddWeighted_U0/edge_detector_fadlbW_U51/edge_detector_ap_fadd_5_full_dsp_32_u/U0/i_synth/ADDSUB_OP.ADDSUB/SPEED_OP.DSP.OP/DSP48E1_BODY.ALIGN_ADD/DSP2/DSP input design_1_i/edge_detector_0/inst/AddWeighted_U0/edge_detector_fadlbW_U51/edge_detector_ap_fadd_5_full_dsp_32_u/U0/i_synth/ADDSUB_OP.ADDSUB/SPEED_OP.DSP.OP/DSP48E1_BODY.ALIGN_ADD/DSP2/DSP/A[29:0] is not pipelined. Pipelining DSP48 input will improve performance.
Related violations: <none>

DPIP-1#2 Warning
Input pipelining  
DSP design_1_i/edge_detector_0/inst/AddWeighted_U0/edge_detector_fadlbW_U51/edge_detector_ap_fadd_5_full_dsp_32_u/U0/i_synth/ADDSUB_OP.ADDSUB/SPEED_OP.DSP.OP/DSP48E1_BODY.ALIGN_ADD/DSP2/DSP input design_1_i/edge_detector_0/inst/AddWeighted_U0/edge_detector_fadlbW_U51/edge_detector_ap_fadd_5_full_dsp_32_u/U0/i_synth/ADDSUB_OP.ADDSUB/SPEED_OP.DSP.OP/DSP48E1_BODY.ALIGN_ADD/DSP2/DSP/C[47:0] is not pipelined. Pipelining DSP48 input will improve performance.
Related violations: <none>

DPIP-1#3 Warning
Input pipelining  
DSP design_1_i/edge_detector_0/inst/AddWeighted_U0/edge_detector_fadlbW_U51/edge_detector_ap_fadd_5_full_dsp_32_u/U0/i_synth/ADDSUB_OP.ADDSUB/SPEED_OP.DSP.OP/DSP48E1_BODY.NORM_RND/FULL_USAGE_DSP.SHIFT_RND/DSP input design_1_i/edge_detector_0/inst/AddWeighted_U0/edge_detector_fadlbW_U51/edge_detector_ap_fadd_5_full_dsp_32_u/U0/i_synth/ADDSUB_OP.ADDSUB/SPEED_OP.DSP.OP/DSP48E1_BODY.NORM_RND/FULL_USAGE_DSP.SHIFT_RND/DSP/C[47:0] is not pipelined. Pipelining DSP48 input will improve performance.
Related violations: <none>

DPIP-1#4 Warning
Input pipelining  
DSP design_1_i/edge_detector_0/inst/AddWeighted_U0/edge_detector_fadlbW_U52/edge_detector_ap_fadd_5_full_dsp_32_u/U0/i_synth/ADDSUB_OP.ADDSUB/SPEED_OP.DSP.OP/DSP48E1_BODY.ALIGN_ADD/DSP2/DSP input design_1_i/edge_detector_0/inst/AddWeighted_U0/edge_detector_fadlbW_U52/edge_detector_ap_fadd_5_full_dsp_32_u/U0/i_synth/ADDSUB_OP.ADDSUB/SPEED_OP.DSP.OP/DSP48E1_BODY.ALIGN_ADD/DSP2/DSP/A[29:0] is not pipelined. Pipelining DSP48 input will improve performance.
Related violations: <none>

DPIP-1#5 Warning
Input pipelining  
DSP design_1_i/edge_detector_0/inst/AddWeighted_U0/edge_detector_fadlbW_U52/edge_detector_ap_fadd_5_full_dsp_32_u/U0/i_synth/ADDSUB_OP.ADDSUB/SPEED_OP.DSP.OP/DSP48E1_BODY.ALIGN_ADD/DSP2/DSP input design_1_i/edge_detector_0/inst/AddWeighted_U0/edge_detector_fadlbW_U52/edge_detector_ap_fadd_5_full_dsp_32_u/U0/i_synth/ADDSUB_OP.ADDSUB/SPEED_OP.DSP.OP/DSP48E1_BODY.ALIGN_ADD/DSP2/DSP/C[47:0] is not pipelined. Pipelining DSP48 input will improve performance.
Related violations: <none>

DPIP-1#6 Warning
Input pipelining  
DSP design_1_i/edge_detector_0/inst/AddWeighted_U0/edge_detector_fadlbW_U52/edge_detector_ap_fadd_5_full_dsp_32_u/U0/i_synth/ADDSUB_OP.ADDSUB/SPEED_OP.DSP.OP/DSP48E1_BODY.NORM_RND/FULL_USAGE_DSP.SHIFT_RND/DSP input design_1_i/edge_detector_0/inst/AddWeighted_U0/edge_detector_fadlbW_U52/edge_detector_ap_fadd_5_full_dsp_32_u/U0/i_synth/ADDSUB_OP.ADDSUB/SPEED_OP.DSP.OP/DSP48E1_BODY.NORM_RND/FULL_USAGE_DSP.SHIFT_RND/DSP/C[47:0] is not pipelined. Pipelining DSP48 input will improve performance.
Related violations: <none>

DPIP-1#7 Warning
Input pipelining  
DSP design_1_i/edge_detector_0/inst/AddWeighted_U0/edge_detector_fmumb6_U53/edge_detector_ap_fmul_2_max_dsp_32_u/U0/i_synth/MULT.OP/MULT/DSP48E1_SPD_SGL_VARIANT.FIX_MULT/DSP1/DSP input design_1_i/edge_detector_0/inst/AddWeighted_U0/edge_detector_fmumb6_U53/edge_detector_ap_fmul_2_max_dsp_32_u/U0/i_synth/MULT.OP/MULT/DSP48E1_SPD_SGL_VARIANT.FIX_MULT/DSP1/DSP/A[29:0] is not pipelined. Pipelining DSP48 input will improve performance.
Related violations: <none>

DPIP-1#8 Warning
Input pipelining  
DSP design_1_i/edge_detector_0/inst/AddWeighted_U0/edge_detector_fmumb6_U53/edge_detector_ap_fmul_2_max_dsp_32_u/U0/i_synth/MULT.OP/R_AND_R/LAT_OPT.FULL.R_AND_R/DSP48E1_SGL_EXP_IP.OLD_ADD.ADD/DSP input design_1_i/edge_detector_0/inst/AddWeighted_U0/edge_detector_fmumb6_U53/edge_detector_ap_fmul_2_max_dsp_32_u/U0/i_synth/MULT.OP/R_AND_R/LAT_OPT.FULL.R_AND_R/DSP48E1_SGL_EXP_IP.OLD_ADD.ADD/DSP/C[47:0] is not pipelined. Pipelining DSP48 input will improve performance.
Related violations: <none>

DPIP-1#9 Warning
Input pipelining  
DSP design_1_i/edge_detector_0/inst/AddWeighted_U0/edge_detector_fmumb6_U54/edge_detector_ap_fmul_2_max_dsp_32_u/U0/i_synth/MULT.OP/MULT/DSP48E1_SPD_SGL_VARIANT.FIX_MULT/DSP1/DSP input design_1_i/edge_detector_0/inst/AddWeighted_U0/edge_detector_fmumb6_U54/edge_detector_ap_fmul_2_max_dsp_32_u/U0/i_synth/MULT.OP/MULT/DSP48E1_SPD_SGL_VARIANT.FIX_MULT/DSP1/DSP/A[29:0] is not pipelined. Pipelining DSP48 input will improve performance.
Related violations: <none>

DPIP-1#10 Warning
Input pipelining  
DSP design_1_i/edge_detector_0/inst/AddWeighted_U0/edge_detector_fmumb6_U54/edge_detector_ap_fmul_2_max_dsp_32_u/U0/i_synth/MULT.OP/R_AND_R/LAT_OPT.FULL.R_AND_R/DSP48E1_SGL_EXP_IP.OLD_ADD.ADD/DSP input design_1_i/edge_detector_0/inst/AddWeighted_U0/edge_detector_fmumb6_U54/edge_detector_ap_fmul_2_max_dsp_32_u/U0/i_synth/MULT.OP/R_AND_R/LAT_OPT.FULL.R_AND_R/DSP48E1_SGL_EXP_IP.OLD_ADD.ADD/DSP/C[47:0] is not pipelined. Pipelining DSP48 input will improve performance.
Related violations: <none>

DPIP-1#11 Warning
Input pipelining  
DSP design_1_i/edge_detector_0/inst/CvtColor_U0/edge_detector_macdEe_U21/edge_detector_macdEe_DSP48_2_U/p input design_1_i/edge_detector_0/inst/CvtColor_U0/edge_detector_macdEe_U21/edge_detector_macdEe_DSP48_2_U/p/C[47:0] is not pipelined. Pipelining DSP48 input will improve performance.
Related violations: <none>

DPIP-1#12 Warning
Input pipelining  
DSP design_1_i/edge_detector_0/inst/CvtColor_U0/edge_detector_mulbkb_U19/edge_detector_mulbkb_DSP48_0_U/in00 input design_1_i/edge_detector_0/inst/CvtColor_U0/edge_detector_mulbkb_U19/edge_detector_mulbkb_DSP48_0_U/in00/B[17:0] is not pipelined. Pipelining DSP48 input will improve performance.
Related violations: <none>

DPIP-1#13 Warning
Input pipelining  
DSP design_1_i/mem2stream_0/inst/mem2mat_U0/grp_dataflow_parent_loop_1_fu_193/dataflow_in_loop_U0/readmem_U0/mem2stream_mul_32bkb_U7/mem2stream_mul_32bkb_MulnS_0_U/p_reg input design_1_i/mem2stream_0/inst/mem2mat_U0/grp_dataflow_parent_loop_1_fu_193/dataflow_in_loop_U0/readmem_U0/mem2stream_mul_32bkb_U7/mem2stream_mul_32bkb_MulnS_0_U/p_reg/B[17:0] is not pipelined. Pipelining DSP48 input will improve performance.
Related violations: <none>

DPIP-1#14 Warning
Input pipelining  
DSP design_1_i/mem2stream_0/inst/mem2mat_U0/grp_dataflow_parent_loop_1_fu_193/dataflow_in_loop_U0/readmem_U0/mem2stream_mul_32bkb_U7/mem2stream_mul_32bkb_MulnS_0_U/tmp_product input design_1_i/mem2stream_0/inst/mem2mat_U0/grp_dataflow_parent_loop_1_fu_193/dataflow_in_loop_U0/readmem_U0/mem2stream_mul_32bkb_U7/mem2stream_mul_32bkb_MulnS_0_U/tmp_product/A[29:0] is not pipelined. Pipelining DSP48 input will improve performance.
Related violations: <none>

DPIP-1#15 Warning
Input pipelining  
DSP design_1_i/mem2stream_0/inst/mem2mat_U0/grp_dataflow_parent_loop_1_fu_193/dataflow_in_loop_U0/readmem_U0/mem2stream_mul_32bkb_U7/mem2stream_mul_32bkb_MulnS_0_U/tmp_product input design_1_i/mem2stream_0/inst/mem2mat_U0/grp_dataflow_parent_loop_1_fu_193/dataflow_in_loop_U0/readmem_U0/mem2stream_mul_32bkb_U7/mem2stream_mul_32bkb_MulnS_0_U/tmp_product/B[17:0] is not pipelined. Pipelining DSP48 input will improve performance.
Related violations: <none>

DPIP-1#16 Warning
Input pipelining  
DSP design_1_i/mem2stream_0/inst/mem2mat_U0/grp_dataflow_parent_loop_1_fu_193/dataflow_in_loop_U0/readmem_U0/mem2stream_mul_32bkb_U7/mem2stream_mul_32bkb_MulnS_0_U/tmp_product__0 input design_1_i/mem2stream_0/inst/mem2mat_U0/grp_dataflow_parent_loop_1_fu_193/dataflow_in_loop_U0/readmem_U0/mem2stream_mul_32bkb_U7/mem2stream_mul_32bkb_MulnS_0_U/tmp_product__0/A[29:0] is not pipelined. Pipelining DSP48 input will improve performance.
Related violations: <none>

DPIP-1#17 Warning
Input pipelining  
DSP design_1_i/mem2stream_0/inst/mem2mat_U0/grp_dataflow_parent_loop_1_fu_193/dataflow_in_loop_U0/readmem_U0/mem2stream_mul_32bkb_U7/mem2stream_mul_32bkb_MulnS_0_U/tmp_product__0 input design_1_i/mem2stream_0/inst/mem2mat_U0/grp_dataflow_parent_loop_1_fu_193/dataflow_in_loop_U0/readmem_U0/mem2stream_mul_32bkb_U7/mem2stream_mul_32bkb_MulnS_0_U/tmp_product__0/B[17:0] is not pipelined. Pipelining DSP48 input will improve performance.
Related violations: <none>

DPIP-1#18 Warning
Input pipelining  
DSP design_1_i/stream2mem_0/inst/mat2mem_U0/grp_dataflow_parent_loop_1_fu_145/dataflow_in_loop_U0/writemem_U0/stream2mem_mul_31bkb_U33/stream2mem_mul_31bkb_MulnS_0_U/p_reg__0 input design_1_i/stream2mem_0/inst/mat2mem_U0/grp_dataflow_parent_loop_1_fu_145/dataflow_in_loop_U0/writemem_U0/stream2mem_mul_31bkb_U33/stream2mem_mul_31bkb_MulnS_0_U/p_reg__0/B[17:0] is not pipelined. Pipelining DSP48 input will improve performance.
Related violations: <none>

DPIP-1#19 Warning
Input pipelining  
DSP design_1_i/stream2mem_0/inst/mat2mem_U0/grp_dataflow_parent_loop_1_fu_145/dataflow_in_loop_U0/writemem_U0/stream2mem_mul_31bkb_U33/stream2mem_mul_31bkb_MulnS_0_U/tmp_product input design_1_i/stream2mem_0/inst/mat2mem_U0/grp_dataflow_parent_loop_1_fu_145/dataflow_in_loop_U0/writemem_U0/stream2mem_mul_31bkb_U33/stream2mem_mul_31bkb_MulnS_0_U/tmp_product/A[29:0] is not pipelined. Pipelining DSP48 input will improve performance.
Related violations: <none>

DPIP-1#20 Warning
Input pipelining  
DSP design_1_i/stream2mem_0/inst/mat2mem_U0/grp_dataflow_parent_loop_1_fu_145/dataflow_in_loop_U0/writemem_U0/stream2mem_mul_31bkb_U33/stream2mem_mul_31bkb_MulnS_0_U/tmp_product input design_1_i/stream2mem_0/inst/mat2mem_U0/grp_dataflow_parent_loop_1_fu_145/dataflow_in_loop_U0/writemem_U0/stream2mem_mul_31bkb_U33/stream2mem_mul_31bkb_MulnS_0_U/tmp_product/B[17:0] is not pipelined. Pipelining DSP48 input will improve performance.
Related violations: <none>

DPIP-1#21 Warning
Input pipelining  
DSP design_1_i/stream2mem_0/inst/mat2mem_U0/grp_dataflow_parent_loop_1_fu_145/dataflow_in_loop_U0/writemem_U0/stream2mem_mul_31bkb_U33/stream2mem_mul_31bkb_MulnS_0_U/tmp_product__0 input design_1_i/stream2mem_0/inst/mat2mem_U0/grp_dataflow_parent_loop_1_fu_145/dataflow_in_loop_U0/writemem_U0/stream2mem_mul_31bkb_U33/stream2mem_mul_31bkb_MulnS_0_U/tmp_product__0/A[29:0] is not pipelined. Pipelining DSP48 input will improve performance.
Related violations: <none>

DPIP-1#22 Warning
Input pipelining  
DSP design_1_i/stream2mem_0/inst/mat2mem_U0/grp_dataflow_parent_loop_1_fu_145/dataflow_in_loop_U0/writemem_U0/stream2mem_mul_31bkb_U33/stream2mem_mul_31bkb_MulnS_0_U/tmp_product__0 input design_1_i/stream2mem_0/inst/mat2mem_U0/grp_dataflow_parent_loop_1_fu_145/dataflow_in_loop_U0/writemem_U0/stream2mem_mul_31bkb_U33/stream2mem_mul_31bkb_MulnS_0_U/tmp_product__0/B[17:0] is not pipelined. Pipelining DSP48 input will improve performance.
Related violations: <none>

DPOP-1#1 Warning
PREG Output pipelining  
DSP design_1_i/edge_detector_0/inst/AddWeighted_U0/edge_detector_fadlbW_U51/edge_detector_ap_fadd_5_full_dsp_32_u/U0/i_synth/ADDSUB_OP.ADDSUB/SPEED_OP.DSP.OP/DSP48E1_BODY.ALIGN_ADD/DSP2/DSP output design_1_i/edge_detector_0/inst/AddWeighted_U0/edge_detector_fadlbW_U51/edge_detector_ap_fadd_5_full_dsp_32_u/U0/i_synth/ADDSUB_OP.ADDSUB/SPEED_OP.DSP.OP/DSP48E1_BODY.ALIGN_ADD/DSP2/DSP/PATTERNDETECT is not pipelined (PREG=0). Pipelining the DSP48 output will improve performance and often saves power so it is suggested whenever possible to fully pipeline this function.  If this DSP48 function was inferred, it is suggested to describe an additional register stage after this function.  If the DSP48 was instantiated in the design, it is suggested to set the PREG attribute to 1.
Related violations: <none>

DPOP-1#2 Warning
PREG Output pipelining  
DSP design_1_i/edge_detector_0/inst/AddWeighted_U0/edge_detector_fadlbW_U51/edge_detector_ap_fadd_5_full_dsp_32_u/U0/i_synth/ADDSUB_OP.ADDSUB/SPEED_OP.DSP.OP/DSP48E1_BODY.ALIGN_ADD/DSP2/DSP output design_1_i/edge_detector_0/inst/AddWeighted_U0/edge_detector_fadlbW_U51/edge_detector_ap_fadd_5_full_dsp_32_u/U0/i_synth/ADDSUB_OP.ADDSUB/SPEED_OP.DSP.OP/DSP48E1_BODY.ALIGN_ADD/DSP2/DSP/P[47:0] is not pipelined (PREG=0). Pipelining the DSP48 output will improve performance and often saves power so it is suggested whenever possible to fully pipeline this function.  If this DSP48 function was inferred, it is suggested to describe an additional register stage after this function.  If the DSP48 was instantiated in the design, it is suggested to set the PREG attribute to 1.
Related violations: <none>

DPOP-1#3 Warning
PREG Output pipelining  
DSP design_1_i/edge_detector_0/inst/AddWeighted_U0/edge_detector_fadlbW_U51/edge_detector_ap_fadd_5_full_dsp_32_u/U0/i_synth/ADDSUB_OP.ADDSUB/SPEED_OP.DSP.OP/DSP48E1_BODY.NORM_RND/FULL_USAGE_DSP.SHIFT_RND/DSP output design_1_i/edge_detector_0/inst/AddWeighted_U0/edge_detector_fadlbW_U51/edge_detector_ap_fadd_5_full_dsp_32_u/U0/i_synth/ADDSUB_OP.ADDSUB/SPEED_OP.DSP.OP/DSP48E1_BODY.NORM_RND/FULL_USAGE_DSP.SHIFT_RND/DSP/P[47:0] is not pipelined (PREG=0). Pipelining the DSP48 output will improve performance and often saves power so it is suggested whenever possible to fully pipeline this function.  If this DSP48 function was inferred, it is suggested to describe an additional register stage after this function.  If the DSP48 was instantiated in the design, it is suggested to set the PREG attribute to 1.
Related violations: <none>

DPOP-1#4 Warning
PREG Output pipelining  
DSP design_1_i/edge_detector_0/inst/AddWeighted_U0/edge_detector_fadlbW_U52/edge_detector_ap_fadd_5_full_dsp_32_u/U0/i_synth/ADDSUB_OP.ADDSUB/SPEED_OP.DSP.OP/DSP48E1_BODY.ALIGN_ADD/DSP2/DSP output design_1_i/edge_detector_0/inst/AddWeighted_U0/edge_detector_fadlbW_U52/edge_detector_ap_fadd_5_full_dsp_32_u/U0/i_synth/ADDSUB_OP.ADDSUB/SPEED_OP.DSP.OP/DSP48E1_BODY.ALIGN_ADD/DSP2/DSP/PATTERNDETECT is not pipelined (PREG=0). Pipelining the DSP48 output will improve performance and often saves power so it is suggested whenever possible to fully pipeline this function.  If this DSP48 function was inferred, it is suggested to describe an additional register stage after this function.  If the DSP48 was instantiated in the design, it is suggested to set the PREG attribute to 1.
Related violations: <none>

DPOP-1#5 Warning
PREG Output pipelining  
DSP design_1_i/edge_detector_0/inst/AddWeighted_U0/edge_detector_fadlbW_U52/edge_detector_ap_fadd_5_full_dsp_32_u/U0/i_synth/ADDSUB_OP.ADDSUB/SPEED_OP.DSP.OP/DSP48E1_BODY.ALIGN_ADD/DSP2/DSP output design_1_i/edge_detector_0/inst/AddWeighted_U0/edge_detector_fadlbW_U52/edge_detector_ap_fadd_5_full_dsp_32_u/U0/i_synth/ADDSUB_OP.ADDSUB/SPEED_OP.DSP.OP/DSP48E1_BODY.ALIGN_ADD/DSP2/DSP/P[47:0] is not pipelined (PREG=0). Pipelining the DSP48 output will improve performance and often saves power so it is suggested whenever possible to fully pipeline this function.  If this DSP48 function was inferred, it is suggested to describe an additional register stage after this function.  If the DSP48 was instantiated in the design, it is suggested to set the PREG attribute to 1.
Related violations: <none>

DPOP-1#6 Warning
PREG Output pipelining  
DSP design_1_i/edge_detector_0/inst/AddWeighted_U0/edge_detector_fadlbW_U52/edge_detector_ap_fadd_5_full_dsp_32_u/U0/i_synth/ADDSUB_OP.ADDSUB/SPEED_OP.DSP.OP/DSP48E1_BODY.NORM_RND/FULL_USAGE_DSP.SHIFT_RND/DSP output design_1_i/edge_detector_0/inst/AddWeighted_U0/edge_detector_fadlbW_U52/edge_detector_ap_fadd_5_full_dsp_32_u/U0/i_synth/ADDSUB_OP.ADDSUB/SPEED_OP.DSP.OP/DSP48E1_BODY.NORM_RND/FULL_USAGE_DSP.SHIFT_RND/DSP/P[47:0] is not pipelined (PREG=0). Pipelining the DSP48 output will improve performance and often saves power so it is suggested whenever possible to fully pipeline this function.  If this DSP48 function was inferred, it is suggested to describe an additional register stage after this function.  If the DSP48 was instantiated in the design, it is suggested to set the PREG attribute to 1.
Related violations: <none>

DPOP-1#7 Warning
PREG Output pipelining  
DSP design_1_i/edge_detector_0/inst/AddWeighted_U0/edge_detector_fmumb6_U53/edge_detector_ap_fmul_2_max_dsp_32_u/U0/i_synth/MULT.OP/MULT/DSP48E1_SPD_SGL_VARIANT.FIX_MULT/DSP2/DSP output design_1_i/edge_detector_0/inst/AddWeighted_U0/edge_detector_fmumb6_U53/edge_detector_ap_fmul_2_max_dsp_32_u/U0/i_synth/MULT.OP/MULT/DSP48E1_SPD_SGL_VARIANT.FIX_MULT/DSP2/DSP/PATTERNDETECT is not pipelined (PREG=0). Pipelining the DSP48 output will improve performance and often saves power so it is suggested whenever possible to fully pipeline this function.  If this DSP48 function was inferred, it is suggested to describe an additional register stage after this function.  If the DSP48 was instantiated in the design, it is suggested to set the PREG attribute to 1.
Related violations: <none>

DPOP-1#8 Warning
PREG Output pipelining  
DSP design_1_i/edge_detector_0/inst/AddWeighted_U0/edge_detector_fmumb6_U53/edge_detector_ap_fmul_2_max_dsp_32_u/U0/i_synth/MULT.OP/MULT/DSP48E1_SPD_SGL_VARIANT.FIX_MULT/DSP2/DSP output design_1_i/edge_detector_0/inst/AddWeighted_U0/edge_detector_fmumb6_U53/edge_detector_ap_fmul_2_max_dsp_32_u/U0/i_synth/MULT.OP/MULT/DSP48E1_SPD_SGL_VARIANT.FIX_MULT/DSP2/DSP/P[47:0] is not pipelined (PREG=0). Pipelining the DSP48 output will improve performance and often saves power so it is suggested whenever possible to fully pipeline this function.  If this DSP48 function was inferred, it is suggested to describe an additional register stage after this function.  If the DSP48 was instantiated in the design, it is suggested to set the PREG attribute to 1.
Related violations: <none>

DPOP-1#9 Warning
PREG Output pipelining  
DSP design_1_i/edge_detector_0/inst/AddWeighted_U0/edge_detector_fmumb6_U53/edge_detector_ap_fmul_2_max_dsp_32_u/U0/i_synth/MULT.OP/R_AND_R/LAT_OPT.FULL.R_AND_R/DSP48E1_SGL_EXP_IP.OLD_ADD.ADD/DSP output design_1_i/edge_detector_0/inst/AddWeighted_U0/edge_detector_fmumb6_U53/edge_detector_ap_fmul_2_max_dsp_32_u/U0/i_synth/MULT.OP/R_AND_R/LAT_OPT.FULL.R_AND_R/DSP48E1_SGL_EXP_IP.OLD_ADD.ADD/DSP/CARRYOUT[3:0] is not pipelined (PREG=0). Pipelining the DSP48 output will improve performance and often saves power so it is suggested whenever possible to fully pipeline this function.  If this DSP48 function was inferred, it is suggested to describe an additional register stage after this function.  If the DSP48 was instantiated in the design, it is suggested to set the PREG attribute to 1.
Related violations: <none>

DPOP-1#10 Warning
PREG Output pipelining  
DSP design_1_i/edge_detector_0/inst/AddWeighted_U0/edge_detector_fmumb6_U53/edge_detector_ap_fmul_2_max_dsp_32_u/U0/i_synth/MULT.OP/R_AND_R/LAT_OPT.FULL.R_AND_R/DSP48E1_SGL_EXP_IP.OLD_ADD.ADD/DSP output design_1_i/edge_detector_0/inst/AddWeighted_U0/edge_detector_fmumb6_U53/edge_detector_ap_fmul_2_max_dsp_32_u/U0/i_synth/MULT.OP/R_AND_R/LAT_OPT.FULL.R_AND_R/DSP48E1_SGL_EXP_IP.OLD_ADD.ADD/DSP/P[47:0] is not pipelined (PREG=0). Pipelining the DSP48 output will improve performance and often saves power so it is suggested whenever possible to fully pipeline this function.  If this DSP48 function was inferred, it is suggested to describe an additional register stage after this function.  If the DSP48 was instantiated in the design, it is suggested to set the PREG attribute to 1.
Related violations: <none>

DPOP-1#11 Warning
PREG Output pipelining  
DSP design_1_i/edge_detector_0/inst/AddWeighted_U0/edge_detector_fmumb6_U54/edge_detector_ap_fmul_2_max_dsp_32_u/U0/i_synth/MULT.OP/MULT/DSP48E1_SPD_SGL_VARIANT.FIX_MULT/DSP2/DSP output design_1_i/edge_detector_0/inst/AddWeighted_U0/edge_detector_fmumb6_U54/edge_detector_ap_fmul_2_max_dsp_32_u/U0/i_synth/MULT.OP/MULT/DSP48E1_SPD_SGL_VARIANT.FIX_MULT/DSP2/DSP/PATTERNDETECT is not pipelined (PREG=0). Pipelining the DSP48 output will improve performance and often saves power so it is suggested whenever possible to fully pipeline this function.  If this DSP48 function was inferred, it is suggested to describe an additional register stage after this function.  If the DSP48 was instantiated in the design, it is suggested to set the PREG attribute to 1.
Related violations: <none>

DPOP-1#12 Warning
PREG Output pipelining  
DSP design_1_i/edge_detector_0/inst/AddWeighted_U0/edge_detector_fmumb6_U54/edge_detector_ap_fmul_2_max_dsp_32_u/U0/i_synth/MULT.OP/MULT/DSP48E1_SPD_SGL_VARIANT.FIX_MULT/DSP2/DSP output design_1_i/edge_detector_0/inst/AddWeighted_U0/edge_detector_fmumb6_U54/edge_detector_ap_fmul_2_max_dsp_32_u/U0/i_synth/MULT.OP/MULT/DSP48E1_SPD_SGL_VARIANT.FIX_MULT/DSP2/DSP/P[47:0] is not pipelined (PREG=0). Pipelining the DSP48 output will improve performance and often saves power so it is suggested whenever possible to fully pipeline this function.  If this DSP48 function was inferred, it is suggested to describe an additional register stage after this function.  If the DSP48 was instantiated in the design, it is suggested to set the PREG attribute to 1.
Related violations: <none>

DPOP-1#13 Warning
PREG Output pipelining  
DSP design_1_i/edge_detector_0/inst/AddWeighted_U0/edge_detector_fmumb6_U54/edge_detector_ap_fmul_2_max_dsp_32_u/U0/i_synth/MULT.OP/R_AND_R/LAT_OPT.FULL.R_AND_R/DSP48E1_SGL_EXP_IP.OLD_ADD.ADD/DSP output design_1_i/edge_detector_0/inst/AddWeighted_U0/edge_detector_fmumb6_U54/edge_detector_ap_fmul_2_max_dsp_32_u/U0/i_synth/MULT.OP/R_AND_R/LAT_OPT.FULL.R_AND_R/DSP48E1_SGL_EXP_IP.OLD_ADD.ADD/DSP/CARRYOUT[3:0] is not pipelined (PREG=0). Pipelining the DSP48 output will improve performance and often saves power so it is suggested whenever possible to fully pipeline this function.  If this DSP48 function was inferred, it is suggested to describe an additional register stage after this function.  If the DSP48 was instantiated in the design, it is suggested to set the PREG attribute to 1.
Related violations: <none>

DPOP-1#14 Warning
PREG Output pipelining  
DSP design_1_i/edge_detector_0/inst/AddWeighted_U0/edge_detector_fmumb6_U54/edge_detector_ap_fmul_2_max_dsp_32_u/U0/i_synth/MULT.OP/R_AND_R/LAT_OPT.FULL.R_AND_R/DSP48E1_SGL_EXP_IP.OLD_ADD.ADD/DSP output design_1_i/edge_detector_0/inst/AddWeighted_U0/edge_detector_fmumb6_U54/edge_detector_ap_fmul_2_max_dsp_32_u/U0/i_synth/MULT.OP/R_AND_R/LAT_OPT.FULL.R_AND_R/DSP48E1_SGL_EXP_IP.OLD_ADD.ADD/DSP/P[47:0] is not pipelined (PREG=0). Pipelining the DSP48 output will improve performance and often saves power so it is suggested whenever possible to fully pipeline this function.  If this DSP48 function was inferred, it is suggested to describe an additional register stage after this function.  If the DSP48 was instantiated in the design, it is suggested to set the PREG attribute to 1.
Related violations: <none>

DPOP-1#15 Warning
PREG Output pipelining  
DSP design_1_i/edge_detector_0/inst/CvtColor_U0/edge_detector_macdEe_U21/edge_detector_macdEe_DSP48_2_U/p output design_1_i/edge_detector_0/inst/CvtColor_U0/edge_detector_macdEe_U21/edge_detector_macdEe_DSP48_2_U/p/P[47:0] is not pipelined (PREG=0). Pipelining the DSP48 output will improve performance and often saves power so it is suggested whenever possible to fully pipeline this function.  If this DSP48 function was inferred, it is suggested to describe an additional register stage after this function.  If the DSP48 was instantiated in the design, it is suggested to set the PREG attribute to 1.
Related violations: <none>

DPOP-1#16 Warning
PREG Output pipelining  
DSP design_1_i/edge_detector_0/inst/CvtColor_U0/edge_detector_mulbkb_U19/edge_detector_mulbkb_DSP48_0_U/in00 output design_1_i/edge_detector_0/inst/CvtColor_U0/edge_detector_mulbkb_U19/edge_detector_mulbkb_DSP48_0_U/in00/P[47:0] is not pipelined (PREG=0). Pipelining the DSP48 output will improve performance and often saves power so it is suggested whenever possible to fully pipeline this function.  If this DSP48 function was inferred, it is suggested to describe an additional register stage after this function.  If the DSP48 was instantiated in the design, it is suggested to set the PREG attribute to 1.
Related violations: <none>

DPOP-1#17 Warning
PREG Output pipelining  
DSP design_1_i/mem2stream_0/inst/mem2mat_U0/grp_dataflow_parent_loop_1_fu_193/dataflow_in_loop_U0/readmem_U0/mem2stream_mul_32bkb_U7/mem2stream_mul_32bkb_MulnS_0_U/tmp_product__0 output design_1_i/mem2stream_0/inst/mem2mat_U0/grp_dataflow_parent_loop_1_fu_193/dataflow_in_loop_U0/readmem_U0/mem2stream_mul_32bkb_U7/mem2stream_mul_32bkb_MulnS_0_U/tmp_product__0/P[47:0] is not pipelined (PREG=0). Pipelining the DSP48 output will improve performance and often saves power so it is suggested whenever possible to fully pipeline this function.  If this DSP48 function was inferred, it is suggested to describe an additional register stage after this function.  If the DSP48 was instantiated in the design, it is suggested to set the PREG attribute to 1.
Related violations: <none>

DPOP-1#18 Warning
PREG Output pipelining  
DSP design_1_i/stream2mem_0/inst/mat2mem_U0/grp_dataflow_parent_loop_1_fu_145/dataflow_in_loop_U0/writemem_U0/stream2mem_mul_31bkb_U33/stream2mem_mul_31bkb_MulnS_0_U/tmp_product__0 output design_1_i/stream2mem_0/inst/mat2mem_U0/grp_dataflow_parent_loop_1_fu_145/dataflow_in_loop_U0/writemem_U0/stream2mem_mul_31bkb_U33/stream2mem_mul_31bkb_MulnS_0_U/tmp_product__0/P[47:0] is not pipelined (PREG=0). Pipelining the DSP48 output will improve performance and often saves power so it is suggested whenever possible to fully pipeline this function.  If this DSP48 function was inferred, it is suggested to describe an additional register stage after this function.  If the DSP48 was instantiated in the design, it is suggested to set the PREG attribute to 1.
Related violations: <none>

DPOP-2#1 Warning
MREG Output pipelining  
DSP design_1_i/edge_detector_0/inst/AddWeighted_U0/edge_detector_fadlbW_U51/edge_detector_ap_fadd_5_full_dsp_32_u/U0/i_synth/ADDSUB_OP.ADDSUB/SPEED_OP.DSP.OP/DSP48E1_BODY.NORM_RND/FULL_USAGE_DSP.SHIFT_RND/DSP multiplier stage design_1_i/edge_detector_0/inst/AddWeighted_U0/edge_detector_fadlbW_U51/edge_detector_ap_fadd_5_full_dsp_32_u/U0/i_synth/ADDSUB_OP.ADDSUB/SPEED_OP.DSP.OP/DSP48E1_BODY.NORM_RND/FULL_USAGE_DSP.SHIFT_RND/DSP/P[47:0] is not pipelined (MREG=0). Pipelining the multiplier function will improve performance and will save significant power so it is suggested whenever possible to fully pipeline this function.  If this multiplier was inferred, it is suggested to describe an additional register stage after this function.  If there is no registered adder/accumulator following the multiply function, two pipeline stages are suggested to allow both the MREG and PREG registers to be used.  If the DSP48 was instantiated in the design, it is suggested to set both the MREG and PREG attributes to 1 when performing multiply functions.
Related violations: <none>

DPOP-2#2 Warning
MREG Output pipelining  
DSP design_1_i/edge_detector_0/inst/AddWeighted_U0/edge_detector_fadlbW_U52/edge_detector_ap_fadd_5_full_dsp_32_u/U0/i_synth/ADDSUB_OP.ADDSUB/SPEED_OP.DSP.OP/DSP48E1_BODY.NORM_RND/FULL_USAGE_DSP.SHIFT_RND/DSP multiplier stage design_1_i/edge_detector_0/inst/AddWeighted_U0/edge_detector_fadlbW_U52/edge_detector_ap_fadd_5_full_dsp_32_u/U0/i_synth/ADDSUB_OP.ADDSUB/SPEED_OP.DSP.OP/DSP48E1_BODY.NORM_RND/FULL_USAGE_DSP.SHIFT_RND/DSP/P[47:0] is not pipelined (MREG=0). Pipelining the multiplier function will improve performance and will save significant power so it is suggested whenever possible to fully pipeline this function.  If this multiplier was inferred, it is suggested to describe an additional register stage after this function.  If there is no registered adder/accumulator following the multiply function, two pipeline stages are suggested to allow both the MREG and PREG registers to be used.  If the DSP48 was instantiated in the design, it is suggested to set both the MREG and PREG attributes to 1 when performing multiply functions.
Related violations: <none>

DPOP-2#3 Warning
MREG Output pipelining  
DSP design_1_i/edge_detector_0/inst/AddWeighted_U0/edge_detector_fmumb6_U53/edge_detector_ap_fmul_2_max_dsp_32_u/U0/i_synth/MULT.OP/MULT/DSP48E1_SPD_SGL_VARIANT.FIX_MULT/DSP1/DSP multiplier stage design_1_i/edge_detector_0/inst/AddWeighted_U0/edge_detector_fmumb6_U53/edge_detector_ap_fmul_2_max_dsp_32_u/U0/i_synth/MULT.OP/MULT/DSP48E1_SPD_SGL_VARIANT.FIX_MULT/DSP1/DSP/PATTERNDETECT is not pipelined (MREG=0). Pipelining the multiplier function will improve performance and will save significant power so it is suggested whenever possible to fully pipeline this function.  If this multiplier was inferred, it is suggested to describe an additional register stage after this function.  If there is no registered adder/accumulator following the multiply function, two pipeline stages are suggested to allow both the MREG and PREG registers to be used.  If the DSP48 was instantiated in the design, it is suggested to set both the MREG and PREG attributes to 1 when performing multiply functions.
Related violations: <none>

DPOP-2#4 Warning
MREG Output pipelining  
DSP design_1_i/edge_detector_0/inst/AddWeighted_U0/edge_detector_fmumb6_U54/edge_detector_ap_fmul_2_max_dsp_32_u/U0/i_synth/MULT.OP/MULT/DSP48E1_SPD_SGL_VARIANT.FIX_MULT/DSP1/DSP multiplier stage design_1_i/edge_detector_0/inst/AddWeighted_U0/edge_detector_fmumb6_U54/edge_detector_ap_fmul_2_max_dsp_32_u/U0/i_synth/MULT.OP/MULT/DSP48E1_SPD_SGL_VARIANT.FIX_MULT/DSP1/DSP/PATTERNDETECT is not pipelined (MREG=0). Pipelining the multiplier function will improve performance and will save significant power so it is suggested whenever possible to fully pipeline this function.  If this multiplier was inferred, it is suggested to describe an additional register stage after this function.  If there is no registered adder/accumulator following the multiply function, two pipeline stages are suggested to allow both the MREG and PREG registers to be used.  If the DSP48 was instantiated in the design, it is suggested to set both the MREG and PREG attributes to 1 when performing multiply functions.
Related violations: <none>

DPOP-2#5 Warning
MREG Output pipelining  
DSP design_1_i/edge_detector_0/inst/CvtColor_U0/edge_detector_macdEe_U21/edge_detector_macdEe_DSP48_2_U/p multiplier stage design_1_i/edge_detector_0/inst/CvtColor_U0/edge_detector_macdEe_U21/edge_detector_macdEe_DSP48_2_U/p/P[47:0] is not pipelined (MREG=0). Pipelining the multiplier function will improve performance and will save significant power so it is suggested whenever possible to fully pipeline this function.  If this multiplier was inferred, it is suggested to describe an additional register stage after this function.  If there is no registered adder/accumulator following the multiply function, two pipeline stages are suggested to allow both the MREG and PREG registers to be used.  If the DSP48 was instantiated in the design, it is suggested to set both the MREG and PREG attributes to 1 when performing multiply functions.
Related violations: <none>

DPOP-2#6 Warning
MREG Output pipelining  
DSP design_1_i/edge_detector_0/inst/CvtColor_U0/edge_detector_mulbkb_U19/edge_detector_mulbkb_DSP48_0_U/in00 multiplier stage design_1_i/edge_detector_0/inst/CvtColor_U0/edge_detector_mulbkb_U19/edge_detector_mulbkb_DSP48_0_U/in00/P[47:0] is not pipelined (MREG=0). Pipelining the multiplier function will improve performance and will save significant power so it is suggested whenever possible to fully pipeline this function.  If this multiplier was inferred, it is suggested to describe an additional register stage after this function.  If there is no registered adder/accumulator following the multiply function, two pipeline stages are suggested to allow both the MREG and PREG registers to be used.  If the DSP48 was instantiated in the design, it is suggested to set both the MREG and PREG attributes to 1 when performing multiply functions.
Related violations: <none>

DPOP-2#7 Warning
MREG Output pipelining  
DSP design_1_i/edge_detector_0/inst/CvtColor_U0/p_Val2_5_reg_392_reg multiplier stage design_1_i/edge_detector_0/inst/CvtColor_U0/p_Val2_5_reg_392_reg/P[47:0] is not pipelined (MREG=0). Pipelining the multiplier function will improve performance and will save significant power so it is suggested whenever possible to fully pipeline this function.  If this multiplier was inferred, it is suggested to describe an additional register stage after this function.  If there is no registered adder/accumulator following the multiply function, two pipeline stages are suggested to allow both the MREG and PREG registers to be used.  If the DSP48 was instantiated in the design, it is suggested to set both the MREG and PREG attributes to 1 when performing multiply functions.
Related violations: <none>

DPOP-2#8 Warning
MREG Output pipelining  
DSP design_1_i/mem2stream_0/inst/mem2mat_U0/grp_dataflow_parent_loop_1_fu_193/dataflow_in_loop_U0/readmem_U0/mem2stream_mul_32bkb_U7/mem2stream_mul_32bkb_MulnS_0_U/p_reg multiplier stage design_1_i/mem2stream_0/inst/mem2mat_U0/grp_dataflow_parent_loop_1_fu_193/dataflow_in_loop_U0/readmem_U0/mem2stream_mul_32bkb_U7/mem2stream_mul_32bkb_MulnS_0_U/p_reg/P[47:0] is not pipelined (MREG=0). Pipelining the multiplier function will improve performance and will save significant power so it is suggested whenever possible to fully pipeline this function.  If this multiplier was inferred, it is suggested to describe an additional register stage after this function.  If there is no registered adder/accumulator following the multiply function, two pipeline stages are suggested to allow both the MREG and PREG registers to be used.  If the DSP48 was instantiated in the design, it is suggested to set both the MREG and PREG attributes to 1 when performing multiply functions.
Related violations: <none>

DPOP-2#9 Warning
MREG Output pipelining  
DSP design_1_i/mem2stream_0/inst/mem2mat_U0/grp_dataflow_parent_loop_1_fu_193/dataflow_in_loop_U0/readmem_U0/mem2stream_mul_32bkb_U7/mem2stream_mul_32bkb_MulnS_0_U/tmp_product multiplier stage design_1_i/mem2stream_0/inst/mem2mat_U0/grp_dataflow_parent_loop_1_fu_193/dataflow_in_loop_U0/readmem_U0/mem2stream_mul_32bkb_U7/mem2stream_mul_32bkb_MulnS_0_U/tmp_product/P[47:0] is not pipelined (MREG=0). Pipelining the multiplier function will improve performance and will save significant power so it is suggested whenever possible to fully pipeline this function.  If this multiplier was inferred, it is suggested to describe an additional register stage after this function.  If there is no registered adder/accumulator following the multiply function, two pipeline stages are suggested to allow both the MREG and PREG registers to be used.  If the DSP48 was instantiated in the design, it is suggested to set both the MREG and PREG attributes to 1 when performing multiply functions.
Related violations: <none>

DPOP-2#10 Warning
MREG Output pipelining  
DSP design_1_i/mem2stream_0/inst/mem2mat_U0/grp_dataflow_parent_loop_1_fu_193/dataflow_in_loop_U0/readmem_U0/mem2stream_mul_32bkb_U7/mem2stream_mul_32bkb_MulnS_0_U/tmp_product__0 multiplier stage design_1_i/mem2stream_0/inst/mem2mat_U0/grp_dataflow_parent_loop_1_fu_193/dataflow_in_loop_U0/readmem_U0/mem2stream_mul_32bkb_U7/mem2stream_mul_32bkb_MulnS_0_U/tmp_product__0/P[47:0] is not pipelined (MREG=0). Pipelining the multiplier function will improve performance and will save significant power so it is suggested whenever possible to fully pipeline this function.  If this multiplier was inferred, it is suggested to describe an additional register stage after this function.  If there is no registered adder/accumulator following the multiply function, two pipeline stages are suggested to allow both the MREG and PREG registers to be used.  If the DSP48 was instantiated in the design, it is suggested to set both the MREG and PREG attributes to 1 when performing multiply functions.
Related violations: <none>

DPOP-2#11 Warning
MREG Output pipelining  
DSP design_1_i/stream2mem_0/inst/mat2mem_U0/grp_dataflow_parent_loop_1_fu_145/dataflow_in_loop_U0/writemem_U0/stream2mem_mul_31bkb_U33/stream2mem_mul_31bkb_MulnS_0_U/p_reg__0 multiplier stage design_1_i/stream2mem_0/inst/mat2mem_U0/grp_dataflow_parent_loop_1_fu_145/dataflow_in_loop_U0/writemem_U0/stream2mem_mul_31bkb_U33/stream2mem_mul_31bkb_MulnS_0_U/p_reg__0/P[47:0] is not pipelined (MREG=0). Pipelining the multiplier function will improve performance and will save significant power so it is suggested whenever possible to fully pipeline this function.  If this multiplier was inferred, it is suggested to describe an additional register stage after this function.  If there is no registered adder/accumulator following the multiply function, two pipeline stages are suggested to allow both the MREG and PREG registers to be used.  If the DSP48 was instantiated in the design, it is suggested to set both the MREG and PREG attributes to 1 when performing multiply functions.
Related violations: <none>

DPOP-2#12 Warning
MREG Output pipelining  
DSP design_1_i/stream2mem_0/inst/mat2mem_U0/grp_dataflow_parent_loop_1_fu_145/dataflow_in_loop_U0/writemem_U0/stream2mem_mul_31bkb_U33/stream2mem_mul_31bkb_MulnS_0_U/tmp_product multiplier stage design_1_i/stream2mem_0/inst/mat2mem_U0/grp_dataflow_parent_loop_1_fu_145/dataflow_in_loop_U0/writemem_U0/stream2mem_mul_31bkb_U33/stream2mem_mul_31bkb_MulnS_0_U/tmp_product/P[47:0] is not pipelined (MREG=0). Pipelining the multiplier function will improve performance and will save significant power so it is suggested whenever possible to fully pipeline this function.  If this multiplier was inferred, it is suggested to describe an additional register stage after this function.  If there is no registered adder/accumulator following the multiply function, two pipeline stages are suggested to allow both the MREG and PREG registers to be used.  If the DSP48 was instantiated in the design, it is suggested to set both the MREG and PREG attributes to 1 when performing multiply functions.
Related violations: <none>

DPOP-2#13 Warning
MREG Output pipelining  
DSP design_1_i/stream2mem_0/inst/mat2mem_U0/grp_dataflow_parent_loop_1_fu_145/dataflow_in_loop_U0/writemem_U0/stream2mem_mul_31bkb_U33/stream2mem_mul_31bkb_MulnS_0_U/tmp_product__0 multiplier stage design_1_i/stream2mem_0/inst/mat2mem_U0/grp_dataflow_parent_loop_1_fu_145/dataflow_in_loop_U0/writemem_U0/stream2mem_mul_31bkb_U33/stream2mem_mul_31bkb_MulnS_0_U/tmp_product__0/P[47:0] is not pipelined (MREG=0). Pipelining the multiplier function will improve performance and will save significant power so it is suggested whenever possible to fully pipeline this function.  If this multiplier was inferred, it is suggested to describe an additional register stage after this function.  If there is no registered adder/accumulator following the multiply function, two pipeline stages are suggested to allow both the MREG and PREG registers to be used.  If the DSP48 was instantiated in the design, it is suggested to set both the MREG and PREG attributes to 1 when performing multiply functions.
Related violations: <none>

DPREG-4#1 Warning
DSP48E1_PregDynOpmodeZmuxP:  
The DSP48E1 cell design_1_i/edge_detector_0/inst/AddWeighted_U0/edge_detector_fadlbW_U51/edge_detector_ap_fadd_5_full_dsp_32_u/U0/i_synth/ADDSUB_OP.ADDSUB/SPEED_OP.DSP.OP/DSP48E1_BODY.ALIGN_ADD/DSP2/DSP with the given dynamic OPMODE[6:0] connections may lead to an unregistered asynchronous feedback path without the PREG attribute enabled. Please refer to the user guide and if one of the internal P feedback opmodes is possible for this design the PREG attribute must be set to 1, currently set to 0
Related violations: <none>

DPREG-4#2 Warning
DSP48E1_PregDynOpmodeZmuxP:  
The DSP48E1 cell design_1_i/edge_detector_0/inst/AddWeighted_U0/edge_detector_fadlbW_U52/edge_detector_ap_fadd_5_full_dsp_32_u/U0/i_synth/ADDSUB_OP.ADDSUB/SPEED_OP.DSP.OP/DSP48E1_BODY.ALIGN_ADD/DSP2/DSP with the given dynamic OPMODE[6:0] connections may lead to an unregistered asynchronous feedback path without the PREG attribute enabled. Please refer to the user guide and if one of the internal P feedback opmodes is possible for this design the PREG attribute must be set to 1, currently set to 0
Related violations: <none>

PLCK-12#1 Warning
Clock Placer Checks  
Poor placement for routing between an IO pin and BUFG. 
Resolution: Poor placement of an IO pin and a BUFG has resulted in the router using a non-dedicated path between the two.  There are several things that could trigger this DRC, each of which can cause unpredictable clock insertion delays that result in poor timing.  This DRC could be caused by any of the following: (a) a clock port was placed on a pin that is not a CCIO-pin (b)the BUFG has not been placed in the same half of the device or SLR as the CCIO-pin (c) a single ended clock has been placed on the N-Side of a differential pair CCIO-pin.
 This is normally an ERROR but the CLOCK_DEDICATED_ROUTE constraint is set to FALSE allowing your design to continue. The use of this override is highly discouraged as it may lead to very poor timing results. It is recommended that this error condition be corrected in the design.

	cmos1_pclk_IBUF_inst (IBUF.O) is locked to T11
	cmos1_pclk_IBUF_BUFG_inst (BUFG.I) cannot be placed

Related violations: <none>

AVAL-4#1 Advisory
enum_USE_DPORT_FALSE_enum_DREG_ADREG_0_connects_CED_CEAD_RSTD_GND  
design_1_i/edge_detector_0/inst/AddWeighted_U0/edge_detector_fadlbW_U51/edge_detector_ap_fadd_5_full_dsp_32_u/U0/i_synth/ADDSUB_OP.ADDSUB/SPEED_OP.DSP.OP/DSP48E1_BODY.NORM_RND/FULL_USAGE_DSP.SHIFT_RND/DSP: DSP48E1 is not using the D port (USE_DPORT = FALSE). For improved power characteristics, set DREG and ADREG to '1', tie CED, CEAD, and RSTD to logic '0'.
Related violations: <none>

AVAL-4#2 Advisory
enum_USE_DPORT_FALSE_enum_DREG_ADREG_0_connects_CED_CEAD_RSTD_GND  
design_1_i/edge_detector_0/inst/AddWeighted_U0/edge_detector_fadlbW_U52/edge_detector_ap_fadd_5_full_dsp_32_u/U0/i_synth/ADDSUB_OP.ADDSUB/SPEED_OP.DSP.OP/DSP48E1_BODY.NORM_RND/FULL_USAGE_DSP.SHIFT_RND/DSP: DSP48E1 is not using the D port (USE_DPORT = FALSE). For improved power characteristics, set DREG and ADREG to '1', tie CED, CEAD, and RSTD to logic '0'.
Related violations: <none>

AVAL-4#3 Advisory
enum_USE_DPORT_FALSE_enum_DREG_ADREG_0_connects_CED_CEAD_RSTD_GND  
design_1_i/edge_detector_0/inst/AddWeighted_U0/edge_detector_fmumb6_U53/edge_detector_ap_fmul_2_max_dsp_32_u/U0/i_synth/MULT.OP/MULT/DSP48E1_SPD_SGL_VARIANT.FIX_MULT/DSP1/DSP: DSP48E1 is not using the D port (USE_DPORT = FALSE). For improved power characteristics, set DREG and ADREG to '1', tie CED, CEAD, and RSTD to logic '0'.
Related violations: <none>

AVAL-4#4 Advisory
enum_USE_DPORT_FALSE_enum_DREG_ADREG_0_connects_CED_CEAD_RSTD_GND  
design_1_i/edge_detector_0/inst/AddWeighted_U0/edge_detector_fmumb6_U53/edge_detector_ap_fmul_2_max_dsp_32_u/U0/i_synth/MULT.OP/MULT/DSP48E1_SPD_SGL_VARIANT.FIX_MULT/DSP2/DSP: DSP48E1 is not using the D port (USE_DPORT = FALSE). For improved power characteristics, set DREG and ADREG to '1', tie CED, CEAD, and RSTD to logic '0'.
Related violations: <none>

AVAL-4#5 Advisory
enum_USE_DPORT_FALSE_enum_DREG_ADREG_0_connects_CED_CEAD_RSTD_GND  
design_1_i/edge_detector_0/inst/AddWeighted_U0/edge_detector_fmumb6_U53/edge_detector_ap_fmul_2_max_dsp_32_u/U0/i_synth/MULT.OP/R_AND_R/LAT_OPT.FULL.R_AND_R/DSP48E1_SGL_EXP_IP.OLD_ADD.ADD/DSP: DSP48E1 is not using the D port (USE_DPORT = FALSE). For improved power characteristics, set DREG and ADREG to '1', tie CED, CEAD, and RSTD to logic '0'.
Related violations: <none>

AVAL-4#6 Advisory
enum_USE_DPORT_FALSE_enum_DREG_ADREG_0_connects_CED_CEAD_RSTD_GND  
design_1_i/edge_detector_0/inst/AddWeighted_U0/edge_detector_fmumb6_U54/edge_detector_ap_fmul_2_max_dsp_32_u/U0/i_synth/MULT.OP/MULT/DSP48E1_SPD_SGL_VARIANT.FIX_MULT/DSP1/DSP: DSP48E1 is not using the D port (USE_DPORT = FALSE). For improved power characteristics, set DREG and ADREG to '1', tie CED, CEAD, and RSTD to logic '0'.
Related violations: <none>

AVAL-4#7 Advisory
enum_USE_DPORT_FALSE_enum_DREG_ADREG_0_connects_CED_CEAD_RSTD_GND  
design_1_i/edge_detector_0/inst/AddWeighted_U0/edge_detector_fmumb6_U54/edge_detector_ap_fmul_2_max_dsp_32_u/U0/i_synth/MULT.OP/MULT/DSP48E1_SPD_SGL_VARIANT.FIX_MULT/DSP2/DSP: DSP48E1 is not using the D port (USE_DPORT = FALSE). For improved power characteristics, set DREG and ADREG to '1', tie CED, CEAD, and RSTD to logic '0'.
Related violations: <none>

AVAL-4#8 Advisory
enum_USE_DPORT_FALSE_enum_DREG_ADREG_0_connects_CED_CEAD_RSTD_GND  
design_1_i/edge_detector_0/inst/AddWeighted_U0/edge_detector_fmumb6_U54/edge_detector_ap_fmul_2_max_dsp_32_u/U0/i_synth/MULT.OP/R_AND_R/LAT_OPT.FULL.R_AND_R/DSP48E1_SGL_EXP_IP.OLD_ADD.ADD/DSP: DSP48E1 is not using the D port (USE_DPORT = FALSE). For improved power characteristics, set DREG and ADREG to '1', tie CED, CEAD, and RSTD to logic '0'.
Related violations: <none>

AVAL-5#1 Advisory
enum_USE_MULT_NONE_enum_DREG_ADREG_0_connects_CED_CEAD_RSTD_GND  
design_1_i/edge_detector_0/inst/AddWeighted_U0/edge_detector_fmumb6_U53/edge_detector_ap_fmul_2_max_dsp_32_u/U0/i_synth/MULT.OP/R_AND_R/LAT_OPT.FULL.R_AND_R/DSP48E1_SGL_EXP_IP.OLD_ADD.ADD/DSP: DSP48E1 is not using the Multiplier (USE_MULT = NONE). For improved power characteristics, set DREG and ADREG to '1', tie CED, CEAD, and RSTD to logic '0'.
Related violations: <none>

AVAL-5#2 Advisory
enum_USE_MULT_NONE_enum_DREG_ADREG_0_connects_CED_CEAD_RSTD_GND  
design_1_i/edge_detector_0/inst/AddWeighted_U0/edge_detector_fmumb6_U54/edge_detector_ap_fmul_2_max_dsp_32_u/U0/i_synth/MULT.OP/R_AND_R/LAT_OPT.FULL.R_AND_R/DSP48E1_SGL_EXP_IP.OLD_ADD.ADD/DSP: DSP48E1 is not using the Multiplier (USE_MULT = NONE). For improved power characteristics, set DREG and ADREG to '1', tie CED, CEAD, and RSTD to logic '0'.
Related violations: <none>

REQP-1725#1 Advisory
DSP_Abus_sign_bit_alert  
design_1_i/edge_detector_0/inst/AddWeighted_U0/edge_detector_fadlbW_U51/edge_detector_ap_fadd_5_full_dsp_32_u/U0/i_synth/ADDSUB_OP.ADDSUB/SPEED_OP.DSP.OP/DSP48E1_BODY.ALIGN_ADD/DSP2/DSP: When using the PreAdder and USE_DPORT is TRUE, the A operand should be restricted to 24 bit two's complement (and sign extended) to avoid over/underflow in the pre-add stage.
Related violations: <none>

REQP-1725#2 Advisory
DSP_Abus_sign_bit_alert  
design_1_i/edge_detector_0/inst/AddWeighted_U0/edge_detector_fadlbW_U52/edge_detector_ap_fadd_5_full_dsp_32_u/U0/i_synth/ADDSUB_OP.ADDSUB/SPEED_OP.DSP.OP/DSP48E1_BODY.ALIGN_ADD/DSP2/DSP: When using the PreAdder and USE_DPORT is TRUE, the A operand should be restricted to 24 bit two's complement (and sign extended) to avoid over/underflow in the pre-add stage.
Related violations: <none>


