INFO-FLOW: Workspace D:/xilinxcompany/vitis_project/edge_detector/edge_detector/solution1 opened at Mon Jan 30 20:41:18 +0800 2023
Execute     ap_set_clock -name default -period 10 -default=false 
INFO: [SYN 201-201] Setting up clock 'default' with a period of 10ns.
Execute     set_part xc7z020-clg400-2 
Execute       create_platform xc7z020-clg400-2 -board  
DBG:HLSDevice: Trying to load device library: D:/xilinxcompany/Vitis_HLS/2021.2\lib\win64.o\librdi_hlsvwrap.dll
DBG:HLSDevice: first parts/arch.xml in RDI_DATADIR: D:/xilinxcompany/Vivado/2021.2/data/parts/arch.xml
DBG:HLSDevice: init success
Execute         source D:/xilinxcompany/Vitis_HLS/2021.2/common/technology/xilinx/DSP48/dsp48.hlp 
Execute         source D:/xilinxcompany/Vitis_HLS/2021.2/common/technology/xilinx/DSP48/zynq_dsp48e1.hlp 
INFO: [HLS 200-1611] Setting target device to 'xc7z020-clg400-2'
Command       create_platform done; 0.902 sec.
Execute       source D:/xilinxcompany/Vitis_HLS/2021.2/common/technology/xilinx/common/xilinx.gen 
Execute         source D:/xilinxcompany/Vitis_HLS/2021.2/common/technology/xilinx/interface/plb46.gen 
Execute         source D:/xilinxcompany/Vitis_HLS/2021.2/common/technology/xilinx/interface/axi4.gen 
Execute         source D:/xilinxcompany/Vitis_HLS/2021.2/common/technology/xilinx/interface/nativeAXI4.gen 
Execute           source D:/xilinxcompany/Vitis_HLS/2021.2/common/technology/xilinx/interface/saxilite.gen 
Execute           source D:/xilinxcompany/Vitis_HLS/2021.2/common/technology/xilinx/interface/maxi.gen 
Execute         source D:/xilinxcompany/Vitis_HLS/2021.2/common/technology/xilinx/scripts/xilinxcoregen.gen 
Execute         source D:/xilinxcompany/Vitis_HLS/2021.2/common/technology/xilinx/interface/XilEDKCoreGen.gen 
Execute         source D:/xilinxcompany/Vitis_HLS/2021.2/common/technology/xilinx/ip/dds_compiler.gen 
Execute         source D:/xilinxcompany/Vitis_HLS/2021.2/common/technology/xilinx/ip/util.gen 
Execute         source D:/xilinxcompany/Vitis_HLS/2021.2/common/technology/xilinx/ip/xfft.gen 
Execute         source D:/xilinxcompany/Vitis_HLS/2021.2/common/technology/xilinx/ip/xfir.gen 
Execute         source D:/xilinxcompany/Vitis_HLS/2021.2/common/technology/xilinx/DSP48/dsp48.gen 
Command       ap_source done; 0.118 sec.
Execute       ap_part_info -name xc7z020-clg400-2 -data info 
Execute       config_compile -quiet -complex-mul-dsp=0 
Command     set_part done; 1.049 sec.
Execute     send_msg_by_id INFO @200-1505@%s%s  vivado 
INFO: [HLS 200-1505] Using flow_target 'vivado'
Execute     get_config_interface -m_axi_latency 
Execute     get_config_interface -m_axi_alignment_byte_size 
Execute     get_config_interface -m_axi_max_widen_bitwidth 
Execute     get_config_interface -default_interface 
Execute     get_config_rtl -register_reset_num 
Command   open_solution done; 1.096 sec.
Execute   set_part xc7z020clg400-2 
INFO: [HLS 200-1510] Running: set_part xc7z020clg400-2 
Execute     create_platform xc7z020clg400-2 -board  
Execute       source D:/xilinxcompany/Vitis_HLS/2021.2/common/technology/xilinx/DSP48/dsp48.hlp 
Execute       source D:/xilinxcompany/Vitis_HLS/2021.2/common/technology/xilinx/DSP48/zynq_dsp48e1.hlp 
Execute     source D:/xilinxcompany/Vitis_HLS/2021.2/common/technology/xilinx/common/xilinx.gen 
Execute       source D:/xilinxcompany/Vitis_HLS/2021.2/common/technology/xilinx/interface/plb46.gen 
Execute       source D:/xilinxcompany/Vitis_HLS/2021.2/common/technology/xilinx/interface/axi4.gen 
Execute       source D:/xilinxcompany/Vitis_HLS/2021.2/common/technology/xilinx/interface/nativeAXI4.gen 
Execute         source D:/xilinxcompany/Vitis_HLS/2021.2/common/technology/xilinx/interface/saxilite.gen 
Execute         source D:/xilinxcompany/Vitis_HLS/2021.2/common/technology/xilinx/interface/maxi.gen 
Execute       source D:/xilinxcompany/Vitis_HLS/2021.2/common/technology/xilinx/scripts/xilinxcoregen.gen 
Execute       source D:/xilinxcompany/Vitis_HLS/2021.2/common/technology/xilinx/interface/XilEDKCoreGen.gen 
Execute       source D:/xilinxcompany/Vitis_HLS/2021.2/common/technology/xilinx/ip/dds_compiler.gen 
Execute       source D:/xilinxcompany/Vitis_HLS/2021.2/common/technology/xilinx/ip/util.gen 
Execute       source D:/xilinxcompany/Vitis_HLS/2021.2/common/technology/xilinx/ip/xfft.gen 
Execute       source D:/xilinxcompany/Vitis_HLS/2021.2/common/technology/xilinx/ip/xfir.gen 
Execute       source D:/xilinxcompany/Vitis_HLS/2021.2/common/technology/xilinx/DSP48/dsp48.gen 
Command     ap_source done; 0.113 sec.
Execute     ap_part_info -name xc7z020-clg400-2 -data info 
Execute     config_compile -quiet -complex-mul-dsp=0 
Command   set_part done; 0.17 sec.
Execute   create_clock -period 10 -name default 
INFO: [HLS 200-1510] Running: create_clock -period 10 -name default 
Execute   csynth_design 
INFO: [HLS 200-1510] Running: csynth_design 
Execute     get_config_compile -effort 
Execute     get_config_compile -enable_clang39 
Execute     get_config_compile -g 
Execute     get_config_compile -hw_syn 
Execute     get_config_compile -ng 
Execute     get_config_compile -opt_fp 
Execute     get_config_compile -skip_cdt 
Execute     get_config_compile -skip_syncheck 
Execute     get_config_compile -skip_transform 
Execute     get_config_compile -pre_tcl 
Execute     get_config_compile -keep_printf 
Execute     elaborate -effort=medium -skip_syncheck=0 -keep_printf=0 -skip_cdt=0 -skip_transform=0 -ng=0 -g=0 -opt_fp=0 -from_csynth_design=1 
INFO: [HLS 200-111] Finished File checks and directory preparation: CPU user time: 0 seconds. CPU system time: 0 seconds. Elapsed time: 0.022 seconds; current allocated memory: 1.089 GB.
INFO: [HLS 200-10] Analyzing design file 'edge_detector/edge_detector.cpp' ... 
INFO-FLOW: Compiling one TU...
Execute       get_config_compile -pragma_strict_mode 
INFO-FLOW: Handling edge_detector/edge_detector.cpp as C++
Execute       ap_part_info -name xc7z020-clg400-2 -data info 
INFO-FLOW: Running: GCC PP 39
INFO-FLOW: Source preprocessing
Execute       ap_eval exec -ignorestderr D:/xilinxcompany/Vitis_HLS/2021.2/win64/tools/clang-3.9-csynth/bin/clang edge_detector/edge_detector.cpp -foptimization-record-file=D:/xilinxcompany/vitis_project/edge_detector/edge_detector/solution1/.autopilot/db/edge_detector.cpp.clang.diag.yml -mllvm -pass-remarks-missed=reflow|pasta|unroll -mllvm -pass-remarks=reflow|pasta|unroll|inline -fno-limit-debug-info --sysroot D:/xilinxcompany/Vitis_HLS/2021.2/tps/mingw/6.2.0/win64.o/nt -fhls -fno-exceptions -E -fno-math-errno -c -emit-llvm -mllvm -disable-llvm-optzns -Werror=implicit-function-declaration -Werror=implicit-hls-streams -Werror=return-type -Wpragmas -Wunused-parameter -Wdump-hls-pragmas -fno-threadsafe-statics -fno-use-cxa-atexit -std=gnu++14 -target fpga64-xilinx-mingw32 -fno-threadsafe-statics -fno-use-cxa-atexit -D__VITIS_HLS__ -DAESL_SYN -D__SYNTHESIS__ -D__HLS_SYN__ -I D:/xilinxcompany/Vitis_HLS/2021.2/common/technology/autopilot -I D:/xilinxcompany/Vitis_HLS/2021.2/common/technology/autopilot/ap_sysc -include etc/autopilot_ssdm_op.h -D__DSP48E1__ -I /usr/include/x86_64-linux-gnu -o D:/xilinxcompany/vitis_project/edge_detector/edge_detector/solution1/.autopilot/db/edge_detector.pp.0.cpp -hls-platform-db-name=D:/xilinxcompany/Vitis_HLS/2021.2/common/technology/xilinx/common/platform.db -hls-platform-name=zynq_medium > D:/xilinxcompany/vitis_project/edge_detector/edge_detector/solution1/.autopilot/db/edge_detector.cpp.clang.out.log 2> D:/xilinxcompany/vitis_project/edge_detector/edge_detector/solution1/.autopilot/db/edge_detector.cpp.clang.err.log 
Command       ap_eval done; 0.239 sec.
INFO-FLOW: Done: GCC PP 39 time: 0.2 seconds per iteration
Execute       set_directive_top edge_detector -name=edge_detector 
Execute       source D:/xilinxcompany/Vitis_HLS/2021.2/tps/tcl/tcllib1.11.1/yaml/huddle.tcl 
Execute       source D:/xilinxcompany/Vitis_HLS/2021.2/tps/tcl/tcllib1.11.1/yaml/json2huddle.tcl 
Execute         source D:/xilinxcompany/Vitis_HLS/2021.2/tps/tcl/tcllib1.11.1/try/try.tcl 
Execute       list_core -type functional_unit 
INFO-FLOW: Source syntax check for synthesis
Execute       ap_eval exec -ignorestderr D:/xilinxcompany/Vitis_HLS/2021.2/win64/tools/clang-3.9-csynth/bin/clang -foptimization-record-file=D:/xilinxcompany/vitis_project/edge_detector/edge_detector/solution1/.autopilot/db/clang.diag.yml -mllvm -pass-remarks-missed=reflow|pasta|unroll -mllvm -pass-remarks=reflow|pasta|unroll|inline -fsyntax-only -fhls -target fpga64-xilinx-linux-gnu D:/xilinxcompany/vitis_project/edge_detector/edge_detector/solution1/.autopilot/db/edge_detector.pp.0.cpp -hls-platform-db-name=D:/xilinxcompany/Vitis_HLS/2021.2/common/technology/xilinx/common/platform.db -hls-platform-name=zynq_medium > D:/xilinxcompany/vitis_project/edge_detector/edge_detector/solution1/.autopilot/db/clang.out.log 2> D:/xilinxcompany/vitis_project/edge_detector/edge_detector/solution1/.autopilot/db/clang.err.log 
Command       ap_eval done; error code: 1; 0.569 sec.
ERROR: [HLS 207-3696] variable has incomplete type 'void' (edge_detector/edge_detector.cpp:10:6)
ERROR: [HLS 207-2967] no member named 'Mat' in namespace 'hls' (edge_detector/edge_detector.cpp:10:24)
ERROR: [HLS 207-2967] no member named 'Mat' in namespace 'hls' (edge_detector/edge_detector.cpp:11:8)
ERROR: [HLS 207-1198] expected '(' for function-style cast or type construction (edge_detector/edge_detector.cpp:12:12)
ERROR: [HLS 207-3771] use of undeclared identifier 'HLS_8UC1' (edge_detector/edge_detector.cpp:10:40)
ERROR: [HLS 207-3771] use of undeclared identifier 'dst' (edge_detector/edge_detector.cpp:10:51)
ERROR: [HLS 207-3771] use of undeclared identifier 'HLS_8UC1' (edge_detector/edge_detector.cpp:11:24)
ERROR: [HLS 207-3771] use of undeclared identifier 'src' (edge_detector/edge_detector.cpp:11:35)
ERROR: [HLS 207-1263] expected ';' after top level declarator (edge_detector/edge_detector.cpp:12:27)
ERROR: [HLS 207-5501] '#pragma HLS' is only allowed in function scope (edge_detector/edge_detector.cpp:19:9)
ERROR: [HLS 207-3796] unknown type name 'src' (edge_detector/edge_detector.cpp:20:2)
ERROR: [HLS 207-1228] expected unqualified-id (edge_detector/edge_detector.cpp:20:6)
ERROR: [HLS 207-1228] expected unqualified-id (edge_detector/edge_detector.cpp:21:4)
ERROR: [HLS 207-1228] expected unqualified-id (edge_detector/edge_detector.cpp:25:4)
ERROR: [HLS 207-3796] unknown type name 'dst' (edge_detector/edge_detector.cpp:36:4)
ERROR: [HLS 207-1228] expected unqualified-id (edge_detector/edge_detector.cpp:36:8)
ERROR: [HLS 207-1237] extraneous closing brace ('}') (edge_detector/edge_detector.cpp:37:3)
ERROR: [HLS 207-1237] extraneous closing brace ('}') (edge_detector/edge_detector.cpp:38:2)
ERROR: [HLS 207-1237] extraneous closing brace ('}') (edge_detector/edge_detector.cpp:39:1)
ERROR: [HLS 207-59] too many errors emitted, stopping now
INFO-FLOW: Error in clang_39_open_source : 
Command     elaborate done; error code: 2; 0.941 sec.
Command   csynth_design done; error code: 2; 0.958 sec.
INFO: [HLS 200-111] Finished Command csynth_design CPU user time: 1 seconds. CPU system time: 0 seconds. Elapsed time: 0.958 seconds; current allocated memory: 0.312 MB.
Command ap_source done; error code: 1; 2.252 sec.
Execute cleanup_all 
